

How to run SQL tuning advisor for a sql_id
***********************************************

1. Create Tuning Task

DECLARE
  l_sql_tune_task_id  VARCHAR2(100);
BEGIN
  l_sql_tune_task_id := DBMS_SQLTUNE.create_tuning_task (
                          sql_id      => '7by2dab7wfpsy',
                          scope       => DBMS_SQLTUNE.scope_comprehensive,
                          time_limit  => 500,
                          task_name   => '7by2dab7wfpsy_tuning_task11',
                          description => 'Tuning task1 for statement 7by2dab7wfpsy');
  DBMS_OUTPUT.put_line('l_sql_tune_task_id: ' || l_sql_tune_task_id);
END;
/


2. Execute Tuning task:

EXEC DBMS_SQLTUNE.execute_tuning_task(task_name => '7by2dab7wfpsy_tuning_task11'); 


3. Get the Tuning advisor report.

set long 65536
set longchunksize 65536
set linesize 100
select dbms_sqltune.report_tuning_task('7by2dab7wfpsy_tuning_task11') from dual;


4. Get list of tuning task present in database:

SELECT TASK_NAME, STATUS FROM DBA_ADVISOR_LOG WHERE TASK_NAME ;


5. Drop a tuning task:

execute dbms_sqltune.drop_tuning_task('7by2dab7wfpsy_tuning_task11');

